[+] Containers:
 |- [+] Container: /Game/ThirdPerson/Maps/ThirdPersonMap
 |   |- [+] ActorDescs:
 |   |   |- Guid:017394CF45B3BF2BCF7AB382975F2606 BaseClass: NativeClass:/Script/Engine.StaticMeshActor Name:StaticMeshActor_39 Label:SM_Ramp2 SpatiallyLoaded:1 Bounds:IsValid=true, Min=(X=1400.000 Y=1500.000 Z=0.000), Max=(X=1800.000 Y=1700.000 Z=100.000) RuntimeGrid:None EditorOnly:0 RuntimeOnly:0 HLODRelevant:1 FolderPath:Block01 FolderGuid:98087B8444A89373CC4763B3845E270A
 |   |   |- Guid:078917BC4FC0AC43E5541D8607C2896F BaseClass: NativeClass:/Script/Engine.StaticMeshActor Name:StaticMeshActor_UAID_2CF05D94950C18AA01_1360023944 Label:SM_QuarterCylinder41 SpatiallyLoaded:1 Bounds:IsValid=true, Min=(X=1975.000 Y=250.000 Z=0.000), Max=(X=2200.000 Y=475.000 Z=25.000) RuntimeGrid:None EditorOnly:0 RuntimeOnly:0 HLODRelevant:1 FolderPath:Cylinder FolderGuid:ECA4956E419DA4E5BAB7F389537BCB14
 |   |   |- Guid:0870CC704F80A8D5DF802EAC5E048723 BaseClass: NativeClass:/Script/Engine.StaticMeshActor Name:StaticMeshActor_45 Label:SM_Cube8 SpatiallyLoaded:1 Bounds:IsValid=true, Min=(X=1300.000 Y=2600.000 Z=0.000), Max=(X=2500.000 Y=2900.000 Z=200.000) RuntimeGrid:None EditorOnly:0 RuntimeOnly:0 HLODRelevant:1 FolderPath:Block02 FolderGuid:5DDF0B274F9C8B2C5DABA1999B167516
 |   |   |- Guid:0B91FB6B478F49074812AC87C86D6B7A BaseClass: NativeClass:/Script/Engine.StaticMeshActor Name:StaticMeshActor_UAID_2CF05D94950C17AA01_1844729746 Label:SM_QuarterCylinder23 SpatiallyLoaded:1 Bounds:IsValid=true, Min=(X=2003.039 Y=700.000 Z=260.000), Max=(X=2234.730 Y=931.691 Z=285.000) RuntimeGrid:None EditorOnly:0 RuntimeOnly:0 HLODRelevant:1 FolderPath:Cylinder FolderGuid:ECA4956E419DA4E5BAB7F389537BCB14
 |   |   |- Guid:0FE984064286369DC5700EA29A78F4CA BaseClass: NativeClass:/Script/Engine.StaticMeshActor Name:StaticMeshActor_UAID_2CF05D94950C18AA01_1087819933 Label:SM_QuarterCylinder31 SpatiallyLoaded:1 Bounds:IsValid=true, Min=(X=2200.000 Y=512.061 Z=430.000), Max=(X=2456.342 Y=768.404 Z=455.000) RuntimeGrid:None EditorOnly:0 RuntimeOnly:0 HLODRelevant:1 FolderPath:Cylinder FolderGuid:ECA4956E419DA4E5BAB7F389537BCB14
 |   |   |- Guid:15CA81914F73BA1DF1FBF0BD5617D56E BaseClass: NativeClass:/Script/Engine.StaticMeshActor Name:StaticMeshActor_UAID_2CF05D94950C18AA01_1330264941 Label:SM_QuarterCylinder38 SpatiallyLoaded:1 Bounds:IsValid=true, Min=(X=2200.000 Y=250.000 Z=0.000), Max=(X=2400.000 Y=450.000 Z=50.000) RuntimeGrid:None EditorOnly:0 RuntimeOnly:0 HLODRelevant:1 FolderPath:Cylinder FolderGuid:ECA4956E419DA4E5BAB7F389537BCB14
 |   |   |- Guid:174DF71143EA367D14F3838C26CC06DF BaseClass: NativeClass:/Script/Engine.SkyLight Name:SkyLight_0 Label:SkyLight SpatiallyLoaded:0 Bounds:IsValid=true, Min=(X=0.000 Y=0.000 Z=690.000), Max=(X=0.000 Y=0.000 Z=690.000) RuntimeGrid:None EditorOnly:0 RuntimeOnly:0 HLODRelevant:0 FolderPath:Lighting FolderGuid:08A10B054C95868C663DE39EE4343813
 |   |   |- Guid:17C6E43545637C3DF9C596869FEAE505 BaseClass: NativeClass:/Script/Engine.StaticMeshActor Name:StaticMeshActor_UAID_2CF05D94950C18AA01_1087817929 Label:SM_QuarterCylinder27 SpatiallyLoaded:1 Bounds:IsValid=true, Min=(X=2026.795 Y=426.795 Z=350.000), Max=(X=2300.000 Y=700.000 Z=375.000) RuntimeGrid:None EditorOnly:0 RuntimeOnly:0 HLODRelevant:1 FolderPath:Cylinder FolderGuid:ECA4956E419DA4E5BAB7F389537BCB14
 |   |   |- Guid:1FB9C29D44F8237DBAFAAC999C9E6AD1 BaseClass: NativeClass:/Script/Engine.StaticMeshActor Name:StaticMeshActor_UAID_2CF05D94950C17AA01_1844725741 Label:SM_QuarterCylinder18 SpatiallyLoaded:1 Bounds:IsValid=true, Min=(X=2200.000 Y=571.442 Z=170.000), Max=(X=2481.766 Y=853.209 Z=195.000) RuntimeGrid:None EditorOnly:0 RuntimeOnly:0 HLODRelevant:1 FolderPath:Cylinder FolderGuid:ECA4956E419DA4E5BAB7F389537BCB14
 |   |   |- Guid:22043D904138D0E50DB05FB74FCA2289 BaseClass: NativeClass:/Script/Engine.StaticMeshActor Name:StaticMeshActor_60 Label:SM_QuarterCylinder13 SpatiallyLoaded:1 Bounds:IsValid=true, Min=(X=1926.795 Y=600.000 Z=0.000), Max=(X=2200.000 Y=873.205 Z=25.000) RuntimeGrid:None EditorOnly:0 RuntimeOnly:0 HLODRelevant:1 FolderPath:Cylinder FolderGuid:ECA4956E419DA4E5BAB7F389537BCB14
 |   |   |- Guid:243A2084428544D88534E990D8BA5B83 BaseClass: NativeClass:/Script/Engine.StaticMeshActor Name:StaticMeshActor_38 Label:SM_Cube4 SpatiallyLoaded:1 Bounds:IsValid=true, Min=(X=1200.000 Y=1700.000 Z=0.000), Max=(X=1800.000 Y=2200.000 Z=200.000) RuntimeGrid:None EditorOnly:0 RuntimeOnly:0 HLODRelevant:1 FolderPath:Block01 FolderGuid:98087B8444A89373CC4763B3845E270A
 |   |   |- Guid:2CD3332F456E016C5F3C3F8ED5970E9B BaseClass: NativeClass:/Script/Engine.StaticMeshActor Name:StaticMeshActor_UAID_2CF05D94950C18AA01_1087822937 Label:SM_QuarterCylinder35 SpatiallyLoaded:1 Bounds:IsValid=true, Min=(X=2046.791 Y=700.000 Z=520.000), Max=(X=2328.558 Y=981.766 Z=545.000) RuntimeGrid:None EditorOnly:0 RuntimeOnly:0 HLODRelevant:1 FolderPath:Cylinder FolderGuid:ECA4956E419DA4E5BAB7F389537BCB14
 |   |   |- Guid:31FF282A4C722AABE5CA1FA10E2EB1A6 BaseClass: NativeClass:/Script/Engine.StaticMeshActor Name:StaticMeshActor_UAID_2CF05D94950C18AA01_1360023945 Label:SM_QuarterCylinder42 SpatiallyLoaded:1 Bounds:IsValid=true, Min=(X=2200.000 Y=250.000 Z=0.000), Max=(X=2425.000 Y=475.000 Z=25.000) RuntimeGrid:None EditorOnly:0 RuntimeOnly:0 HLODRelevant:1 FolderPath:Cylinder FolderGuid:ECA4956E419DA4E5BAB7F389537BCB14
 |   |   |- Guid:3E0D0C7A4D8FFA7CE31DB8AA2B2D1292 BaseClass: NativeClass:/Script/Engine.StaticMeshActor Name:StaticMeshActor_57 Label:SM_QuarterCylinder6 SpatiallyLoaded:1 Bounds:IsValid=true, Min=(X=1200.000 Y=2200.000 Z=0.000), Max=(X=1300.000 Y=2300.000 Z=200.000) RuntimeGrid:None EditorOnly:0 RuntimeOnly:0 HLODRelevant:1 FolderPath:Block01 FolderGuid:98087B8444A89373CC4763B3845E270A
 |   |   |- Guid:4485733745AA5E6D7E6DD988C528F699 BaseClass: NativeClass:/Script/Engine.StaticMeshActor Name:StaticMeshActor_UAID_2CF05D94950C18AA01_1087821936 Label:SM_QuarterCylinder34 SpatiallyLoaded:1 Bounds:IsValid=true, Min=(X=2003.039 Y=700.000 Z=540.000), Max=(X=2234.730 Y=931.691 Z=565.000) RuntimeGrid:None EditorOnly:0 RuntimeOnly:0 HLODRelevant:1 FolderPath:Cylinder FolderGuid:ECA4956E419DA4E5BAB7F389537BCB14
 |   |   |- Guid:4EE37A67499EAF29A0ACBCB96D05D8D6 BaseClass: NativeClass:/Script/Engine.StaticMeshActor Name:StaticMeshActor_UAID_2CF05D94950C17AA01_1844727744 Label:SM_QuarterCylinder21 SpatiallyLoaded:1 Bounds:IsValid=true, Min=(X=2200.000 Y=700.000 Z=150.000), Max=(X=2353.209 Y=828.558 Z=175.000) RuntimeGrid:None EditorOnly:0 RuntimeOnly:0 HLODRelevant:1 FolderPath:Cylinder FolderGuid:ECA4956E419DA4E5BAB7F389537BCB14
 |   |   |- Guid:4F7B735A44E12B4B031927A9FC21C460 BaseClass: NativeClass:/Script/Engine.VolumetricCloud Name:VolumetricCloud_1 Label:VolumetricCloud SpatiallyLoaded:0 Bounds:IsValid=true, Min=(X=0.000 Y=0.000 Z=820.000), Max=(X=0.000 Y=0.000 Z=820.000) RuntimeGrid:None EditorOnly:0 RuntimeOnly:0 HLODRelevant:0 FolderPath:Lighting FolderGuid:08A10B054C95868C663DE39EE4343813
 |   |   |- Guid:55BB2E2F4AFA453E1F1285A3ADC7186D BaseClass: NativeClass:/Script/Engine.StaticMeshActor Name:StaticMeshActor_58 Label:SM_QuarterCylinder11 SpatiallyLoaded:1 Bounds:IsValid=true, Min=(X=2000.000 Y=500.000 Z=0.000), Max=(X=2200.000 Y=700.000 Z=75.000) RuntimeGrid:None EditorOnly:0 RuntimeOnly:0 HLODRelevant:1 FolderPath:Cylinder FolderGuid:ECA4956E419DA4E5BAB7F389537BCB14
 |   |   |- Guid:5AFFDABE4530C864C6D56584EE7F8958 BaseClass: NativeClass:/Script/Engine.StaticMeshActor Name:StaticMeshActor_UAID_2CF05D94950C17AA01_1844726742 Label:SM_QuarterCylinder19 SpatiallyLoaded:1 Bounds:IsValid=true, Min=(X=2200.000 Y=512.061 Z=140.000), Max=(X=2456.342 Y=768.404 Z=165.000) RuntimeGrid:None EditorOnly:0 RuntimeOnly:0 HLODRelevant:1 FolderPath:Cylinder FolderGuid:ECA4956E419DA4E5BAB7F389537BCB14
 |   |   |- Guid:5C7C5C40408F48C386D06CA03AB130C2 BaseClass: NativeClass:/Script/Engine.StaticMeshActor Name:StaticMeshActor_UAID_A4AE111137DC5EFB00_1594956423 Label:SM_SkySphere SpatiallyLoaded:0 Bounds:IsValid=true, Min=(X=-1638400.000 Y=-1638400.000 Z=-1638400.000), Max=(X=1638400.000 Y=1638400.000 Z=1638400.000) RuntimeGrid:None EditorOnly:0 RuntimeOnly:0 HLODRelevant:1 FolderPath:Lighting FolderGuid:08A10B054C95868C663DE39EE4343813
 |   |   |- Guid:664A87DA48B6EE38C0ACEA9AEDBA4BA0 BaseClass: NativeClass:/Script/Engine.TextRenderActor Name:TextRenderActor_1 Label:TextRenderActor SpatiallyLoaded:1 Bounds:IsValid=true, Min=(X=-0.100 Y=1100.000 Z=65.013), Max=(X=-0.100 Y=2392.308 Z=215.013) RuntimeGrid:None EditorOnly:0 RuntimeOnly:0 HLODRelevant:0
 |   |   |- Guid:676B0DCD44DDC06C6B59658C524B4293 BaseClass: NativeClass:/Script/Engine.StaticMeshActor Name:StaticMeshActor_UAID_2CF05D94950C18AA01_1299442939 Label:SM_QuarterCylinder36 SpatiallyLoaded:1 Bounds:IsValid=true, Min=(X=2000.000 Y=50.000 Z=0.000), Max=(X=2200.000 Y=250.000 Z=50.000) RuntimeGrid:None EditorOnly:0 RuntimeOnly:0 HLODRelevant:1 FolderPath:Cylinder FolderGuid:ECA4956E419DA4E5BAB7F389537BCB14
 |   |   |- Guid:6E04483B438AC8F279B84AA62EECD326 BaseClass: NativeClass:/Script/Engine.StaticMeshActor Name:StaticMeshActor_UAID_2CF05D94950C18AA01_1360024946 Label:SM_QuarterCylinder43 SpatiallyLoaded:1 Bounds:IsValid=true, Min=(X=2200.000 Y=25.000 Z=0.000), Max=(X=2425.000 Y=250.000 Z=25.000) RuntimeGrid:None EditorOnly:0 RuntimeOnly:0 HLODRelevant:1 FolderPath:Cylinder FolderGuid:ECA4956E419DA4E5BAB7F389537BCB14
 |   |   |- Guid:723128A2477074C68D9A5EA484DF76A8 BaseClass: NativeClass:/Script/Engine.StaticMeshActor Name:StaticMeshActor_46 Label:SM_Cube9 SpatiallyLoaded:1 Bounds:IsValid=true, Min=(X=1800.000 Y=1500.000 Z=0.000), Max=(X=2000.000 Y=2200.000 Z=100.000) RuntimeGrid:None EditorOnly:0 RuntimeOnly:0 HLODRelevant:1 FolderPath:Block01 FolderGuid:98087B8444A89373CC4763B3845E270A
 |   |   |- Guid:77502F1F407CA15358EA1EAD5FE9B395 BaseClass: NativeClass:/Script/Engine.StaticMeshActor Name:StaticMeshActor_UAID_2CF05D94950C18AA01_1087817930 Label:SM_QuarterCylinder28 SpatiallyLoaded:1 Bounds:IsValid=true, Min=(X=2165.270 Y=468.309 Z=410.000), Max=(X=2396.961 Y=700.000 Z=435.000) RuntimeGrid:None EditorOnly:0 RuntimeOnly:0 HLODRelevant:1 FolderPath:Cylinder FolderGuid:ECA4956E419DA4E5BAB7F389537BCB14
 |   |   |- Guid:788903924598EC8109F9709A8AB41C0D BaseClass: NativeClass:/Script/Engine.WorldDataLayers Name:WorldDataLayers Label:WorldDataLayers-1 SpatiallyLoaded:0 Bounds:IsValid=true, Min=(X=0.000 Y=0.000 Z=0.000), Max=(X=0.000 Y=0.000 Z=0.000) RuntimeGrid:None EditorOnly:0 RuntimeOnly:0 HLODRelevant:0
 |   |   |- Guid:830FF81C457CA01C97438B95CD9DF038 BaseClass: NativeClass:/Script/Engine.StaticMeshActor Name:StaticMeshActor_34 Label:SM_ChamferCube SpatiallyLoaded:1 Bounds:IsValid=true, Min=(X=1000.000 Y=1800.000 Z=0.013), Max=(X=1100.000 Y=1900.000 Z=100.013) RuntimeGrid:None EditorOnly:0 RuntimeOnly:0 HLODRelevant:0
 |   |   |- Guid:8447324D4633CEFDD83F6E99FE9917B8 BaseClass: NativeClass:/Script/Engine.StaticMeshActor Name:StaticMeshActor_UAID_2CF05D94950C17AA01_1748054732 Label:SM_QuarterCylinder17 SpatiallyLoaded:1 Bounds:IsValid=true, Min=(X=2071.442 Y=418.234 Z=90.000), Max=(X=2353.209 Y=700.000 Z=115.000) RuntimeGrid:None EditorOnly:0 RuntimeOnly:0 HLODRelevant:1 FolderPath:Cylinder FolderGuid:ECA4956E419DA4E5BAB7F389537BCB14
 |   |   |- Guid:84A6C2C04177158166E2439E0CBAE730 BaseClass: NativeClass:/Script/Engine.StaticMeshActor Name:StaticMeshActor_35 Label:SM_Ramp SpatiallyLoaded:1 Bounds:IsValid=true, Min=(X=1300.000 Y=600.000 Z=0.000), Max=(X=1700.000 Y=800.000 Z=30.000) RuntimeGrid:None EditorOnly:0 RuntimeOnly:0 HLODRelevant:1
 |   |   |- Guid:8BAC7AA4478B3B1167475C88079B93BF BaseClass: NativeClass:/Script/Engine.StaticMeshActor Name:StaticMeshActor_UAID_2CF05D94950C18AA01_1087816928 Label:SM_QuarterCylinder12 SpatiallyLoaded:1 Bounds:IsValid=true, Min=(X=2000.000 Y=500.000 Z=330.000), Max=(X=2200.000 Y=700.000 Z=355.000) RuntimeGrid:None EditorOnly:0 RuntimeOnly:0 HLODRelevant:1 FolderPath:Cylinder FolderGuid:ECA4956E419DA4E5BAB7F389537BCB14
 |   |   |- Guid:96C16AF946CFF8929C47A09CAE7CD832 BaseClass: NativeClass:/Script/Engine.StaticMeshActor Name:StaticMeshActor_48 Label:SM_Cube10 SpatiallyLoaded:1 Bounds:IsValid=true, Min=(X=1800.000 Y=2100.000 Z=100.000), Max=(X=2000.000 Y=2200.000 Z=200.000) RuntimeGrid:None EditorOnly:0 RuntimeOnly:0 HLODRelevant:1 FolderPath:Block01 FolderGuid:98087B8444A89373CC4763B3845E270A
 |   |   |- Guid:96F04C28458DD9D1A9CFEB9D6710592E BaseClass: NativeClass:/Script/Engine.StaticMeshActor Name:StaticMeshActor_UAID_2CF05D94950C18AA01_1087820934 Label:SM_QuarterCylinder32 SpatiallyLoaded:1 Bounds:IsValid=true, Min=(X=2200.000 Y=665.270 Z=480.000), Max=(X=2431.691 Y=896.961 Z=505.000) RuntimeGrid:None EditorOnly:0 RuntimeOnly:0 HLODRelevant:1 FolderPath:Cylinder FolderGuid:ECA4956E419DA4E5BAB7F389537BCB14
 |   |   |- Guid:97625685428ED89E06818B996F1A508E BaseClass: NativeClass:/Script/Engine.StaticMeshActor Name:StaticMeshActor_53 Label:SM_QuarterCylinder3 SpatiallyLoaded:1 Bounds:IsValid=true, Min=(X=1500.000 Y=2200.000 Z=0.000), Max=(X=1600.000 Y=2300.000 Z=200.000) RuntimeGrid:None EditorOnly:0 RuntimeOnly:0 HLODRelevant:1 FolderPath:Block01 FolderGuid:98087B8444A89373CC4763B3845E270A
 |   |   |- Guid:9A8590F64719696F576D32BEA8B1AF88 BaseClass: NativeClass:/Script/Engine.StaticMeshActor Name:StaticMeshActor_50 Label:SM_QuarterCylinder SpatiallyLoaded:1 Bounds:IsValid=true, Min=(X=2500.000 Y=2800.000 Z=0.000), Max=(X=2600.000 Y=2900.000 Z=200.000) RuntimeGrid:None EditorOnly:0 RuntimeOnly:0 HLODRelevant:1 FolderPath:Block02 FolderGuid:5DDF0B274F9C8B2C5DABA1999B167516
 |   |   |- Guid:9FFE6665469AE829D82050A8B1F67178 BaseClass: NativeClass:/Script/Engine.DirectionalLight Name:DirectionalLight_1 Label:DirectionalLight SpatiallyLoaded:0 Bounds:IsValid=true, Min=(X=-1048576.000 Y=-1048576.000 Z=-1048576.000), Max=(X=1048576.000 Y=1048576.000 Z=1048576.000) RuntimeGrid:None EditorOnly:0 RuntimeOnly:0 HLODRelevant:0 FolderPath:Lighting FolderGuid:08A10B054C95868C663DE39EE4343813
 |   |   |- Guid:A25F61BD4F2EE2C7409611810AC3BAD4 BaseClass: NativeClass:/Script/Engine.StaticMeshActor Name:StaticMeshActor_52 Label:SM_Cube12 SpatiallyLoaded:1 Bounds:IsValid=true, Min=(X=2500.000 Y=2700.000 Z=0.000), Max=(X=2600.000 Y=2800.000 Z=200.000) RuntimeGrid:None EditorOnly:0 RuntimeOnly:0 HLODRelevant:1 FolderPath:Block02 FolderGuid:5DDF0B274F9C8B2C5DABA1999B167516
 |   |   |- Guid:A3E6E9344123B82602012AAE64BE5EC0 BaseClass:/Game/BardBot/playerModel.playerModel_C NativeClass:/Script/Engine.Character Name:playerModel_C_UAID_88D7F6DF8CBA3AAA01_1734526887 Label:playerModel SpatiallyLoaded:1 Bounds:IsValid=true, Min=(X=808.586 Y=1053.780 Z=2.105), Max=(X=867.470 Y=1149.020 Z=207.074) RuntimeGrid:None EditorOnly:0 RuntimeOnly:0 HLODRelevant:0
 |   |   |- Guid:A4319C9847A2C41337AB07B2D45985C7 BaseClass: NativeClass:/Script/Engine.StaticMeshActor Name:StaticMeshActor_UAID_2CF05D94950C17AA01_1616142730 Label:SM_QuarterCylinder15 SpatiallyLoaded:1 Bounds:IsValid=true, Min=(X=2026.795 Y=426.795 Z=70.000), Max=(X=2300.000 Y=700.000 Z=95.000) RuntimeGrid:None EditorOnly:0 RuntimeOnly:0 HLODRelevant:1 FolderPath:Cylinder FolderGuid:ECA4956E419DA4E5BAB7F389537BCB14
 |   |   |- Guid:A7FB847A4A1DACD12053998C0C82FF9C BaseClass: NativeClass:/Script/Engine.StaticMeshActor Name:StaticMeshActor_55 Label:SM_QuarterCylinder5 SpatiallyLoaded:1 Bounds:IsValid=true, Min=(X=300.000 Y=2800.000 Z=0.000), Max=(X=400.000 Y=2900.000 Z=200.000) RuntimeGrid:None EditorOnly:0 RuntimeOnly:0 HLODRelevant:1 FolderPath:Block03 FolderGuid:8CD3949449A9ED1D3F209CA69A64B60F
 |   |   |- Guid:A85A7AD046A0462D176E6889992C1216 BaseClass: NativeClass:/Script/Engine.PostProcessVolume Name:PostProcessVolume_0 Label:PostProcessVolume SpatiallyLoaded:0 Bounds:IsValid=true, Min=(X=0.000 Y=0.000 Z=400.000), Max=(X=200.000 Y=200.000 Z=600.000) RuntimeGrid:None EditorOnly:0 RuntimeOnly:0 HLODRelevant:0 FolderPath:Lighting FolderGuid:08A10B054C95868C663DE39EE4343813
 |   |   |- Guid:AA857C9F436500D6ED8E03A5806DCE50 BaseClass: NativeClass:/Script/Engine.StaticMeshActor Name:StaticMeshActor_44 Label:SM_Cube7 SpatiallyLoaded:1 Bounds:IsValid=true, Min=(X=1300.000 Y=2200.000 Z=0.000), Max=(X=1500.000 Y=2300.000 Z=200.000) RuntimeGrid:None EditorOnly:0 RuntimeOnly:0 HLODRelevant:1 FolderPath:Block01 FolderGuid:98087B8444A89373CC4763B3845E270A
 |   |   |- Guid:AC3EA0DD4BD1695D67FC1B9A47EAE937 BaseClass: NativeClass:/Script/Engine.StaticMeshActor Name:StaticMeshActor_UAID_2CF05D94950C18AA01_1087818931 Label:SM_QuarterCylinder29 SpatiallyLoaded:1 Bounds:IsValid=true, Min=(X=2071.442 Y=418.234 Z=380.000), Max=(X=2353.209 Y=700.000 Z=405.000) RuntimeGrid:None EditorOnly:0 RuntimeOnly:0 HLODRelevant:1 FolderPath:Cylinder FolderGuid:ECA4956E419DA4E5BAB7F389537BCB14
 |   |   |- Guid:AE8AA01A4DE576B371C05FA79B282659 BaseClass: NativeClass:/Script/Engine.StaticMeshActor Name:StaticMeshActor_40 Label:SM_ChamferCube2 SpatiallyLoaded:1 Bounds:IsValid=true, Min=(X=992.077 Y=2692.077 Z=0.013), Max=(X=1107.923 Y=2807.923 Z=100.013) RuntimeGrid:None EditorOnly:0 RuntimeOnly:0 HLODRelevant:0
 |   |   |- Guid:B0BEDED34404C624C03E398526B29418 BaseClass: NativeClass:/Script/Engine.StaticMeshActor Name:StaticMeshActor_UAID_2CF05D94950C18AA01_1087813925 Label:SM_QuarterCylinder25 SpatiallyLoaded:1 Bounds:IsValid=true, Min=(X=1926.795 Y=600.000 Z=280.000), Max=(X=2200.000 Y=873.205 Z=305.000) RuntimeGrid:None EditorOnly:0 RuntimeOnly:0 HLODRelevant:1 FolderPath:Cylinder FolderGuid:ECA4956E419DA4E5BAB7F389537BCB14
 |   |   |- Guid:B23C247D4E34A96052E563A19E79FA75 BaseClass: NativeClass:/Script/Engine.ExponentialHeightFog Name:ExponentialHeightFog_1 Label:ExponentialHeightFog SpatiallyLoaded:0 Bounds:IsValid=true, Min=(X=-5600.000 Y=-50.000 Z=-6850.000), Max=(X=-5600.000 Y=-50.000 Z=-6850.000) RuntimeGrid:None EditorOnly:0 RuntimeOnly:0 HLODRelevant:0 FolderPath:Lighting FolderGuid:08A10B054C95868C663DE39EE4343813
 |   |   |- Guid:B9527F18436B4C90019C7C8AF398144B BaseClass: NativeClass:/Script/Engine.StaticMeshActor Name:StaticMeshActor_41 Label:SM_ChamferCube3 SpatiallyLoaded:1 Bounds:IsValid=true, Min=(X=481.699 Y=2271.699 Z=0.013), Max=(X=618.301 Y=2408.301 Z=100.013) RuntimeGrid:None EditorOnly:0 RuntimeOnly:0 HLODRelevant:0
 |   |   |- Guid:BAF7465144B19FE71049AF9CFCFF96E5 BaseClass: NativeClass:/Script/Engine.StaticMeshActor Name:StaticMeshActor_UAID_2CF05D94950C18AA01_1087815927 Label:SM_QuarterCylinder26 SpatiallyLoaded:1 Bounds:IsValid=true, Min=(X=1926.795 Y=526.795 Z=310.000), Max=(X=2200.000 Y=800.000 Z=335.000) RuntimeGrid:None EditorOnly:0 RuntimeOnly:0 HLODRelevant:1 FolderPath:Cylinder FolderGuid:ECA4956E419DA4E5BAB7F389537BCB14
 |   |   |- Guid:BC42D9B9467E38655AFC6DB667A61ECA BaseClass: NativeClass:/Script/Engine.StaticMeshActor Name:StaticMeshActor_49 Label:SM_Cube11 SpatiallyLoaded:1 Bounds:IsValid=true, Min=(X=400.000 Y=2600.000 Z=0.000), Max=(X=700.000 Y=2900.000 Z=200.000) RuntimeGrid:None EditorOnly:0 RuntimeOnly:0 HLODRelevant:1 FolderPath:Block03 FolderGuid:8CD3949449A9ED1D3F209CA69A64B60F
 |   |   |- Guid:BD430F5245E33ECC56F7628FBABC5D84 BaseClass: NativeClass:/Script/Engine.StaticMeshActor Name:StaticMeshActor_33 Label:SM_Cube SpatiallyLoaded:1 Bounds:IsValid=true, Min=(X=0.000 Y=-970.000 Z=-50.000), Max=(X=3000.000 Y=4380.000 Z=0.000) RuntimeGrid:None EditorOnly:0 RuntimeOnly:0 HLODRelevant:1 FolderPath:Playground FolderGuid:8CD33C9A4E75AD59B95486AC740693D6
 |   |   |- Guid:BFB671284CA12B07A4565ABBE4C17B4C BaseClass: NativeClass:/Script/Engine.StaticMeshActor Name:StaticMeshActor_51 Label:SM_QuarterCylinder2 SpatiallyLoaded:1 Bounds:IsValid=true, Min=(X=2500.000 Y=2600.000 Z=0.000), Max=(X=2600.000 Y=2700.000 Z=200.000) RuntimeGrid:None EditorOnly:0 RuntimeOnly:0 HLODRelevant:1 FolderPath:Block02 FolderGuid:5DDF0B274F9C8B2C5DABA1999B167516
 |   |   |- Guid:C726A3284B806D4C379405885740B688 BaseClass: NativeClass:/Script/Engine.PlayerStart Name:PlayerStart_0 Label:PlayerStart SpatiallyLoaded:0 Bounds:IsValid=true, Min=(X=860.000 Y=1070.000 Z=0.013), Max=(X=940.000 Y=1150.000 Z=184.013) RuntimeGrid:None EditorOnly:0 RuntimeOnly:0 HLODRelevant:0
 |   |   |- Guid:C752FDB9451B0FA0675D4B9D3E8B12AB BaseClass: NativeClass:/Script/Engine.StaticMeshActor Name:StaticMeshActor_56 Label:SM_Cube13 SpatiallyLoaded:1 Bounds:IsValid=true, Min=(X=300.000 Y=2700.000 Z=0.000), Max=(X=400.000 Y=2800.000 Z=200.000) RuntimeGrid:None EditorOnly:0 RuntimeOnly:0 HLODRelevant:1 FolderPath:Block03 FolderGuid:8CD3949449A9ED1D3F209CA69A64B60F
 |   |   |- Guid:C768943D43B1D4FCC4C0F098EBF7CAC9 BaseClass: NativeClass:/Script/Engine.StaticMeshActor Name:StaticMeshActor_36 Label:SM_Cube2 SpatiallyLoaded:1 Bounds:IsValid=true, Min=(X=0.000 Y=-970.000 Z=0.000), Max=(X=3000.000 Y=-870.000 Z=1100.000) RuntimeGrid:None EditorOnly:0 RuntimeOnly:0 HLODRelevant:1 FolderPath:Playground FolderGuid:8CD33C9A4E75AD59B95486AC740693D6
 |   |   |- Guid:CB805C454E959ABB3330FBB9D589E19A BaseClass: NativeClass:/Script/Engine.StaticMeshActor Name:StaticMeshActor_UAID_2CF05D94950C17AA01_1844727743 Label:SM_QuarterCylinder20 SpatiallyLoaded:1 Bounds:IsValid=true, Min=(X=2200.000 Y=665.270 Z=200.000), Max=(X=2431.691 Y=896.961 Z=225.000) RuntimeGrid:None EditorOnly:0 RuntimeOnly:0 HLODRelevant:1 FolderPath:Cylinder FolderGuid:ECA4956E419DA4E5BAB7F389537BCB14
 |   |   |- Guid:CDFEF8B34DDB5077C1C87EB4A4D110C4 BaseClass: NativeClass:/Script/Engine.StaticMeshActor Name:StaticMeshActor_UAID_2CF05D94950C18AA01_1311525940 Label:SM_QuarterCylinder37 SpatiallyLoaded:1 Bounds:IsValid=true, Min=(X=2000.000 Y=250.000 Z=0.000), Max=(X=2200.000 Y=450.000 Z=50.000) RuntimeGrid:None EditorOnly:0 RuntimeOnly:0 HLODRelevant:1 FolderPath:Cylinder FolderGuid:ECA4956E419DA4E5BAB7F389537BCB14
 |   |   |- Guid:D30D123446EA33621788F6828FB4B2EE BaseClass: NativeClass:/Script/Engine.StaticMeshActor Name:StaticMeshActor_UAID_2CF05D94950C18AA01_1087821935 Label:SM_QuarterCylinder33 SpatiallyLoaded:1 Bounds:IsValid=true, Min=(X=2131.596 Y=700.000 Z=500.000), Max=(X=2387.939 Y=956.342 Z=525.000) RuntimeGrid:None EditorOnly:0 RuntimeOnly:0 HLODRelevant:1 FolderPath:Cylinder FolderGuid:ECA4956E419DA4E5BAB7F389537BCB14
 |   |   |- Guid:D6CAE45C4E23DD1723795E8792894597 BaseClass: NativeClass:/Script/Engine.StaticMeshActor Name:StaticMeshActor_54 Label:SM_QuarterCylinder4 SpatiallyLoaded:1 Bounds:IsValid=true, Min=(X=300.000 Y=2600.000 Z=0.000), Max=(X=400.000 Y=2700.000 Z=200.000) RuntimeGrid:None EditorOnly:0 RuntimeOnly:0 HLODRelevant:1 FolderPath:Block03 FolderGuid:8CD3949449A9ED1D3F209CA69A64B60F
 |   |   |- Guid:DE5C76C44EF62D8A5FE15480CE9DF08D BaseClass: NativeClass:/Script/Engine.StaticMeshActor Name:StaticMeshActor_UAID_2CF05D94950C17AA01_1844728745 Label:SM_QuarterCylinder22 SpatiallyLoaded:1 Bounds:IsValid=true, Min=(X=2131.596 Y=700.000 Z=220.000), Max=(X=2387.939 Y=956.342 Z=245.000) RuntimeGrid:None EditorOnly:0 RuntimeOnly:0 HLODRelevant:1 FolderPath:Cylinder FolderGuid:ECA4956E419DA4E5BAB7F389537BCB14
 |   |   |- Guid:E066241B439240618A51D3901B563E5A BaseClass: NativeClass:/Script/Engine.StaticMeshActor Name:StaticMeshActor_UAID_2CF05D94950C18AA01_1330266942 Label:SM_QuarterCylinder39 SpatiallyLoaded:1 Bounds:IsValid=true, Min=(X=2200.000 Y=50.000 Z=0.000), Max=(X=2400.000 Y=250.000 Z=50.000) RuntimeGrid:None EditorOnly:0 RuntimeOnly:0 HLODRelevant:1 FolderPath:Cylinder FolderGuid:ECA4956E419DA4E5BAB7F389537BCB14
 |   |   |- Guid:E67E5B8F4B5BC9B538D21B9832B35997 BaseClass: NativeClass:/Script/Engine.StaticMeshActor Name:StaticMeshActor_UAID_2CF05D94950C18AA01_1360021943 Label:SM_QuarterCylinder40 SpatiallyLoaded:1 Bounds:IsValid=true, Min=(X=1975.000 Y=25.000 Z=0.000), Max=(X=2200.000 Y=250.000 Z=25.000) RuntimeGrid:None EditorOnly:0 RuntimeOnly:0 HLODRelevant:1 FolderPath:Cylinder FolderGuid:ECA4956E419DA4E5BAB7F389537BCB14
 |   |   |- Guid:E7C88B004DFFF4BE08155AB223A0EF2C BaseClass: NativeClass:/Script/Engine.SkyAtmosphere Name:SkyAtmosphere_1 Label:SkyAtmosphere SpatiallyLoaded:0 Bounds:IsValid=true, Min=(X=0.000 Y=0.000 Z=1020.000), Max=(X=0.000 Y=0.000 Z=1020.000) RuntimeGrid:None EditorOnly:0 RuntimeOnly:0 HLODRelevant:0 FolderPath:Lighting FolderGuid:08A10B054C95868C663DE39EE4343813
 |   |   |- Guid:ECF7DFF54DE28214A01D249B1B1CA773 BaseClass: NativeClass:/Script/Engine.StaticMeshActor Name:StaticMeshActor_42 Label:SM_Cube5 SpatiallyLoaded:1 Bounds:IsValid=true, Min=(X=-0.000 Y=100.000 Z=0.000), Max=(X=100.000 Y=3400.000 Z=400.000) RuntimeGrid:None EditorOnly:0 RuntimeOnly:0 HLODRelevant:1 FolderPath:Playground FolderGuid:8CD33C9A4E75AD59B95486AC740693D6
 |   |   |- Guid:ED634735430DB9B4198DF4A9A188273B BaseClass: NativeClass:/Script/Engine.StaticMeshActor Name:StaticMeshActor_61 Label:SM_QuarterCylinder14 SpatiallyLoaded:1 Bounds:IsValid=true, Min=(X=1926.795 Y=526.795 Z=0.000), Max=(X=2200.000 Y=800.000 Z=50.000) RuntimeGrid:None EditorOnly:0 RuntimeOnly:0 HLODRelevant:1 FolderPath:Cylinder FolderGuid:ECA4956E419DA4E5BAB7F389537BCB14
 |   |   |- Guid:F273828D468DD479CDB07EBF9F6EBA68 BaseClass: NativeClass:/Script/Engine.StaticMeshActor Name:StaticMeshActor_47 Label:SM_Ramp3 SpatiallyLoaded:1 Bounds:IsValid=true, Min=(X=1800.000 Y=1700.000 Z=100.000), Max=(X=2000.000 Y=2100.000 Z=200.000) RuntimeGrid:None EditorOnly:0 RuntimeOnly:0 HLODRelevant:1 FolderPath:Block01 FolderGuid:98087B8444A89373CC4763B3845E270A
 |   |   |- Guid:F610330448EC9B2F2FEAC48084A25124 BaseClass: NativeClass:/Script/Engine.StaticMeshActor Name:StaticMeshActor_UAID_2CF05D94950C17AA01_1708659731 Label:SM_QuarterCylinder16 SpatiallyLoaded:1 Bounds:IsValid=true, Min=(X=2165.270 Y=468.309 Z=110.000), Max=(X=2396.961 Y=700.000 Z=135.000) RuntimeGrid:None EditorOnly:0 RuntimeOnly:0 HLODRelevant:1 FolderPath:Cylinder FolderGuid:ECA4956E419DA4E5BAB7F389537BCB14
 |   |   |- Guid:F692964C427693AD35623C837E79968E BaseClass: NativeClass:/Script/Engine.StaticMeshActor Name:StaticMeshActor_UAID_2CF05D94950C17AA01_1844729747 Label:SM_QuarterCylinder24 SpatiallyLoaded:1 Bounds:IsValid=true, Min=(X=2046.791 Y=700.000 Z=240.000), Max=(X=2328.558 Y=981.766 Z=265.000) RuntimeGrid:None EditorOnly:0 RuntimeOnly:0 HLODRelevant:1 FolderPath:Cylinder FolderGuid:ECA4956E419DA4E5BAB7F389537BCB14
 |   |   |- Guid:F6974391454BE3281D0A9AAB775EBFF6 BaseClass: NativeClass:/Script/Engine.StaticMeshActor Name:StaticMeshActor_43 Label:SM_Cube6 SpatiallyLoaded:1 Bounds:IsValid=true, Min=(X=2900.000 Y=100.000 Z=0.000), Max=(X=3000.000 Y=3400.000 Z=400.000) RuntimeGrid:None EditorOnly:0 RuntimeOnly:0 HLODRelevant:1 FolderPath:Playground FolderGuid:8CD33C9A4E75AD59B95486AC740693D6
 |   |   |- Guid:F70E69A54499F5F9E725CAAC8AC3913F BaseClass: NativeClass:/Script/Engine.StaticMeshActor Name:StaticMeshActor_UAID_2CF05D94950C18AA01_1087819932 Label:SM_QuarterCylinder30 SpatiallyLoaded:1 Bounds:IsValid=true, Min=(X=2200.000 Y=571.442 Z=460.000), Max=(X=2481.766 Y=853.209 Z=485.000) RuntimeGrid:None EditorOnly:0 RuntimeOnly:0 HLODRelevant:1 FolderPath:Cylinder FolderGuid:ECA4956E419DA4E5BAB7F389537BCB14
 |   |   |- Guid:FC2659D1462E0C2787253D85D4D3D619 BaseClass: NativeClass:/Script/Engine.StaticMeshActor Name:StaticMeshActor_37 Label:SM_Cube3 SpatiallyLoaded:1 Bounds:IsValid=true, Min=(X=0.000 Y=4280.000 Z=0.000), Max=(X=3000.000 Y=4380.000 Z=400.000) RuntimeGrid:None EditorOnly:0 RuntimeOnly:0 HLODRelevant:1 FolderPath:Playground FolderGuid:8CD33C9A4E75AD59B95486AC740693D6
 |   |- [+] Clusters:
 |   |   |- [+] [  0]
 |   |   |   |- Guid:788903924598EC8109F9709A8AB41C0D BaseClass: NativeClass:/Script/Engine.WorldDataLayers Name:WorldDataLayers Label:WorldDataLayers-1 SpatiallyLoaded:0 Bounds:IsValid=true, Min=(X=0.000 Y=0.000 Z=0.000), Max=(X=0.000 Y=0.000 Z=0.000) RuntimeGrid:None EditorOnly:0 RuntimeOnly:0 HLODRelevant:0
 |   |   |- [+] [  1]
 |   |   |   |- Guid:BC42D9B9467E38655AFC6DB667A61ECA BaseClass: NativeClass:/Script/Engine.StaticMeshActor Name:StaticMeshActor_49 Label:SM_Cube11 SpatiallyLoaded:1 Bounds:IsValid=true, Min=(X=400.000 Y=2600.000 Z=0.000), Max=(X=700.000 Y=2900.000 Z=200.000) RuntimeGrid:None EditorOnly:0 RuntimeOnly:0 HLODRelevant:1 FolderPath:Block03 FolderGuid:8CD3949449A9ED1D3F209CA69A64B60F
 |   |   |- [+] [  2]
 |   |   |   |- Guid:0B91FB6B478F49074812AC87C86D6B7A BaseClass: NativeClass:/Script/Engine.StaticMeshActor Name:StaticMeshActor_UAID_2CF05D94950C17AA01_1844729746 Label:SM_QuarterCylinder23 SpatiallyLoaded:1 Bounds:IsValid=true, Min=(X=2003.039 Y=700.000 Z=260.000), Max=(X=2234.730 Y=931.691 Z=285.000) RuntimeGrid:None EditorOnly:0 RuntimeOnly:0 HLODRelevant:1 FolderPath:Cylinder FolderGuid:ECA4956E419DA4E5BAB7F389537BCB14
 |   |   |- [+] [  3]
 |   |   |   |- Guid:243A2084428544D88534E990D8BA5B83 BaseClass: NativeClass:/Script/Engine.StaticMeshActor Name:StaticMeshActor_38 Label:SM_Cube4 SpatiallyLoaded:1 Bounds:IsValid=true, Min=(X=1200.000 Y=1700.000 Z=0.000), Max=(X=1800.000 Y=2200.000 Z=200.000) RuntimeGrid:None EditorOnly:0 RuntimeOnly:0 HLODRelevant:1 FolderPath:Block01 FolderGuid:98087B8444A89373CC4763B3845E270A
 |   |   |- [+] [  4]
 |   |   |   |- Guid:22043D904138D0E50DB05FB74FCA2289 BaseClass: NativeClass:/Script/Engine.StaticMeshActor Name:StaticMeshActor_60 Label:SM_QuarterCylinder13 SpatiallyLoaded:1 Bounds:IsValid=true, Min=(X=1926.795 Y=600.000 Z=0.000), Max=(X=2200.000 Y=873.205 Z=25.000) RuntimeGrid:None EditorOnly:0 RuntimeOnly:0 HLODRelevant:1 FolderPath:Cylinder FolderGuid:ECA4956E419DA4E5BAB7F389537BCB14
 |   |   |- [+] [  5]
 |   |   |   |- Guid:96F04C28458DD9D1A9CFEB9D6710592E BaseClass: NativeClass:/Script/Engine.StaticMeshActor Name:StaticMeshActor_UAID_2CF05D94950C18AA01_1087820934 Label:SM_QuarterCylinder32 SpatiallyLoaded:1 Bounds:IsValid=true, Min=(X=2200.000 Y=665.270 Z=480.000), Max=(X=2431.691 Y=896.961 Z=505.000) RuntimeGrid:None EditorOnly:0 RuntimeOnly:0 HLODRelevant:1 FolderPath:Cylinder FolderGuid:ECA4956E419DA4E5BAB7F389537BCB14
 |   |   |- [+] [  6]
 |   |   |   |- Guid:A85A7AD046A0462D176E6889992C1216 BaseClass: NativeClass:/Script/Engine.PostProcessVolume Name:PostProcessVolume_0 Label:PostProcessVolume SpatiallyLoaded:0 Bounds:IsValid=true, Min=(X=0.000 Y=0.000 Z=400.000), Max=(X=200.000 Y=200.000 Z=600.000) RuntimeGrid:None EditorOnly:0 RuntimeOnly:0 HLODRelevant:0 FolderPath:Lighting FolderGuid:08A10B054C95868C663DE39EE4343813
 |   |   |- [+] [  7]
 |   |   |   |- Guid:9FFE6665469AE829D82050A8B1F67178 BaseClass: NativeClass:/Script/Engine.DirectionalLight Name:DirectionalLight_1 Label:DirectionalLight SpatiallyLoaded:0 Bounds:IsValid=true, Min=(X=-1048576.000 Y=-1048576.000 Z=-1048576.000), Max=(X=1048576.000 Y=1048576.000 Z=1048576.000) RuntimeGrid:None EditorOnly:0 RuntimeOnly:0 HLODRelevant:0 FolderPath:Lighting FolderGuid:08A10B054C95868C663DE39EE4343813
 |   |   |- [+] [  8]
 |   |   |   |- Guid:B9527F18436B4C90019C7C8AF398144B BaseClass: NativeClass:/Script/Engine.StaticMeshActor Name:StaticMeshActor_41 Label:SM_ChamferCube3 SpatiallyLoaded:1 Bounds:IsValid=true, Min=(X=481.699 Y=2271.699 Z=0.013), Max=(X=618.301 Y=2408.301 Z=100.013) RuntimeGrid:None EditorOnly:0 RuntimeOnly:0 HLODRelevant:0
 |   |   |- [+] [  9]
 |   |   |   |- Guid:AE8AA01A4DE576B371C05FA79B282659 BaseClass: NativeClass:/Script/Engine.StaticMeshActor Name:StaticMeshActor_40 Label:SM_ChamferCube2 SpatiallyLoaded:1 Bounds:IsValid=true, Min=(X=992.077 Y=2692.077 Z=0.013), Max=(X=1107.923 Y=2807.923 Z=100.013) RuntimeGrid:None EditorOnly:0 RuntimeOnly:0 HLODRelevant:0
 |   |   |- [+] [ 10]
 |   |   |   |- Guid:664A87DA48B6EE38C0ACEA9AEDBA4BA0 BaseClass: NativeClass:/Script/Engine.TextRenderActor Name:TextRenderActor_1 Label:TextRenderActor SpatiallyLoaded:1 Bounds:IsValid=true, Min=(X=-0.100 Y=1100.000 Z=65.013), Max=(X=-0.100 Y=2392.308 Z=215.013) RuntimeGrid:None EditorOnly:0 RuntimeOnly:0 HLODRelevant:0
 |   |   |- [+] [ 11]
 |   |   |   |- Guid:4F7B735A44E12B4B031927A9FC21C460 BaseClass: NativeClass:/Script/Engine.VolumetricCloud Name:VolumetricCloud_1 Label:VolumetricCloud SpatiallyLoaded:0 Bounds:IsValid=true, Min=(X=0.000 Y=0.000 Z=820.000), Max=(X=0.000 Y=0.000 Z=820.000) RuntimeGrid:None EditorOnly:0 RuntimeOnly:0 HLODRelevant:0 FolderPath:Lighting FolderGuid:08A10B054C95868C663DE39EE4343813
 |   |   |- [+] [ 12]
 |   |   |   |- Guid:F70E69A54499F5F9E725CAAC8AC3913F BaseClass: NativeClass:/Script/Engine.StaticMeshActor Name:StaticMeshActor_UAID_2CF05D94950C18AA01_1087819932 Label:SM_QuarterCylinder30 SpatiallyLoaded:1 Bounds:IsValid=true, Min=(X=2200.000 Y=571.442 Z=460.000), Max=(X=2481.766 Y=853.209 Z=485.000) RuntimeGrid:None EditorOnly:0 RuntimeOnly:0 HLODRelevant:1 FolderPath:Cylinder FolderGuid:ECA4956E419DA4E5BAB7F389537BCB14
 |   |   |- [+] [ 13]
 |   |   |   |- Guid:15CA81914F73BA1DF1FBF0BD5617D56E BaseClass: NativeClass:/Script/Engine.StaticMeshActor Name:StaticMeshActor_UAID_2CF05D94950C18AA01_1330264941 Label:SM_QuarterCylinder38 SpatiallyLoaded:1 Bounds:IsValid=true, Min=(X=2200.000 Y=250.000 Z=0.000), Max=(X=2400.000 Y=450.000 Z=50.000) RuntimeGrid:None EditorOnly:0 RuntimeOnly:0 HLODRelevant:1 FolderPath:Cylinder FolderGuid:ECA4956E419DA4E5BAB7F389537BCB14
 |   |   |- [+] [ 14]
 |   |   |   |- Guid:6E04483B438AC8F279B84AA62EECD326 BaseClass: NativeClass:/Script/Engine.StaticMeshActor Name:StaticMeshActor_UAID_2CF05D94950C18AA01_1360024946 Label:SM_QuarterCylinder43 SpatiallyLoaded:1 Bounds:IsValid=true, Min=(X=2200.000 Y=25.000 Z=0.000), Max=(X=2425.000 Y=250.000 Z=25.000) RuntimeGrid:None EditorOnly:0 RuntimeOnly:0 HLODRelevant:1 FolderPath:Cylinder FolderGuid:ECA4956E419DA4E5BAB7F389537BCB14
 |   |   |- [+] [ 15]
 |   |   |   |- Guid:3E0D0C7A4D8FFA7CE31DB8AA2B2D1292 BaseClass: NativeClass:/Script/Engine.StaticMeshActor Name:StaticMeshActor_57 Label:SM_QuarterCylinder6 SpatiallyLoaded:1 Bounds:IsValid=true, Min=(X=1200.000 Y=2200.000 Z=0.000), Max=(X=1300.000 Y=2300.000 Z=200.000) RuntimeGrid:None EditorOnly:0 RuntimeOnly:0 HLODRelevant:1 FolderPath:Block01 FolderGuid:98087B8444A89373CC4763B3845E270A
 |   |   |- [+] [ 16]
 |   |   |   |- Guid:A25F61BD4F2EE2C7409611810AC3BAD4 BaseClass: NativeClass:/Script/Engine.StaticMeshActor Name:StaticMeshActor_52 Label:SM_Cube12 SpatiallyLoaded:1 Bounds:IsValid=true, Min=(X=2500.000 Y=2700.000 Z=0.000), Max=(X=2600.000 Y=2800.000 Z=200.000) RuntimeGrid:None EditorOnly:0 RuntimeOnly:0 HLODRelevant:1 FolderPath:Block02 FolderGuid:5DDF0B274F9C8B2C5DABA1999B167516
 |   |   |- [+] [ 17]
 |   |   |   |- Guid:AC3EA0DD4BD1695D67FC1B9A47EAE937 BaseClass: NativeClass:/Script/Engine.StaticMeshActor Name:StaticMeshActor_UAID_2CF05D94950C18AA01_1087818931 Label:SM_QuarterCylinder29 SpatiallyLoaded:1 Bounds:IsValid=true, Min=(X=2071.442 Y=418.234 Z=380.000), Max=(X=2353.209 Y=700.000 Z=405.000) RuntimeGrid:None EditorOnly:0 RuntimeOnly:0 HLODRelevant:1 FolderPath:Cylinder FolderGuid:ECA4956E419DA4E5BAB7F389537BCB14
 |   |   |- [+] [ 18]
 |   |   |   |- Guid:C768943D43B1D4FCC4C0F098EBF7CAC9 BaseClass: NativeClass:/Script/Engine.StaticMeshActor Name:StaticMeshActor_36 Label:SM_Cube2 SpatiallyLoaded:1 Bounds:IsValid=true, Min=(X=0.000 Y=-970.000 Z=0.000), Max=(X=3000.000 Y=-870.000 Z=1100.000) RuntimeGrid:None EditorOnly:0 RuntimeOnly:0 HLODRelevant:1 FolderPath:Playground FolderGuid:8CD33C9A4E75AD59B95486AC740693D6
 |   |   |- [+] [ 19]
 |   |   |   |- Guid:5C7C5C40408F48C386D06CA03AB130C2 BaseClass: NativeClass:/Script/Engine.StaticMeshActor Name:StaticMeshActor_UAID_A4AE111137DC5EFB00_1594956423 Label:SM_SkySphere SpatiallyLoaded:0 Bounds:IsValid=true, Min=(X=-1638400.000 Y=-1638400.000 Z=-1638400.000), Max=(X=1638400.000 Y=1638400.000 Z=1638400.000) RuntimeGrid:None EditorOnly:0 RuntimeOnly:0 HLODRelevant:1 FolderPath:Lighting FolderGuid:08A10B054C95868C663DE39EE4343813
 |   |   |- [+] [ 20]
 |   |   |   |- Guid:830FF81C457CA01C97438B95CD9DF038 BaseClass: NativeClass:/Script/Engine.StaticMeshActor Name:StaticMeshActor_34 Label:SM_ChamferCube SpatiallyLoaded:1 Bounds:IsValid=true, Min=(X=1000.000 Y=1800.000 Z=0.013), Max=(X=1100.000 Y=1900.000 Z=100.013) RuntimeGrid:None EditorOnly:0 RuntimeOnly:0 HLODRelevant:0
 |   |   |- [+] [ 21]
 |   |   |   |- Guid:B0BEDED34404C624C03E398526B29418 BaseClass: NativeClass:/Script/Engine.StaticMeshActor Name:StaticMeshActor_UAID_2CF05D94950C18AA01_1087813925 Label:SM_QuarterCylinder25 SpatiallyLoaded:1 Bounds:IsValid=true, Min=(X=1926.795 Y=600.000 Z=280.000), Max=(X=2200.000 Y=873.205 Z=305.000) RuntimeGrid:None EditorOnly:0 RuntimeOnly:0 HLODRelevant:1 FolderPath:Cylinder FolderGuid:ECA4956E419DA4E5BAB7F389537BCB14
 |   |   |- [+] [ 22]
 |   |   |   |- Guid:0FE984064286369DC5700EA29A78F4CA BaseClass: NativeClass:/Script/Engine.StaticMeshActor Name:StaticMeshActor_UAID_2CF05D94950C18AA01_1087819933 Label:SM_QuarterCylinder31 SpatiallyLoaded:1 Bounds:IsValid=true, Min=(X=2200.000 Y=512.061 Z=430.000), Max=(X=2456.342 Y=768.404 Z=455.000) RuntimeGrid:None EditorOnly:0 RuntimeOnly:0 HLODRelevant:1 FolderPath:Cylinder FolderGuid:ECA4956E419DA4E5BAB7F389537BCB14
 |   |   |- [+] [ 23]
 |   |   |   |- Guid:8447324D4633CEFDD83F6E99FE9917B8 BaseClass: NativeClass:/Script/Engine.StaticMeshActor Name:StaticMeshActor_UAID_2CF05D94950C17AA01_1748054732 Label:SM_QuarterCylinder17 SpatiallyLoaded:1 Bounds:IsValid=true, Min=(X=2071.442 Y=418.234 Z=90.000), Max=(X=2353.209 Y=700.000 Z=115.000) RuntimeGrid:None EditorOnly:0 RuntimeOnly:0 HLODRelevant:1 FolderPath:Cylinder FolderGuid:ECA4956E419DA4E5BAB7F389537BCB14
 |   |   |- [+] [ 24]
 |   |   |   |- Guid:4EE37A67499EAF29A0ACBCB96D05D8D6 BaseClass: NativeClass:/Script/Engine.StaticMeshActor Name:StaticMeshActor_UAID_2CF05D94950C17AA01_1844727744 Label:SM_QuarterCylinder21 SpatiallyLoaded:1 Bounds:IsValid=true, Min=(X=2200.000 Y=700.000 Z=150.000), Max=(X=2353.209 Y=828.558 Z=175.000) RuntimeGrid:None EditorOnly:0 RuntimeOnly:0 HLODRelevant:1 FolderPath:Cylinder FolderGuid:ECA4956E419DA4E5BAB7F389537BCB14
 |   |   |- [+] [ 25]
 |   |   |   |- Guid:77502F1F407CA15358EA1EAD5FE9B395 BaseClass: NativeClass:/Script/Engine.StaticMeshActor Name:StaticMeshActor_UAID_2CF05D94950C18AA01_1087817930 Label:SM_QuarterCylinder28 SpatiallyLoaded:1 Bounds:IsValid=true, Min=(X=2165.270 Y=468.309 Z=410.000), Max=(X=2396.961 Y=700.000 Z=435.000) RuntimeGrid:None EditorOnly:0 RuntimeOnly:0 HLODRelevant:1 FolderPath:Cylinder FolderGuid:ECA4956E419DA4E5BAB7F389537BCB14
 |   |   |- [+] [ 26]
 |   |   |   |- Guid:F692964C427693AD35623C837E79968E BaseClass: NativeClass:/Script/Engine.StaticMeshActor Name:StaticMeshActor_UAID_2CF05D94950C17AA01_1844729747 Label:SM_QuarterCylinder24 SpatiallyLoaded:1 Bounds:IsValid=true, Min=(X=2046.791 Y=700.000 Z=240.000), Max=(X=2328.558 Y=981.766 Z=265.000) RuntimeGrid:None EditorOnly:0 RuntimeOnly:0 HLODRelevant:1 FolderPath:Cylinder FolderGuid:ECA4956E419DA4E5BAB7F389537BCB14
 |   |   |- [+] [ 27]
 |   |   |   |- Guid:1FB9C29D44F8237DBAFAAC999C9E6AD1 BaseClass: NativeClass:/Script/Engine.StaticMeshActor Name:StaticMeshActor_UAID_2CF05D94950C17AA01_1844725741 Label:SM_QuarterCylinder18 SpatiallyLoaded:1 Bounds:IsValid=true, Min=(X=2200.000 Y=571.442 Z=170.000), Max=(X=2481.766 Y=853.209 Z=195.000) RuntimeGrid:None EditorOnly:0 RuntimeOnly:0 HLODRelevant:1 FolderPath:Cylinder FolderGuid:ECA4956E419DA4E5BAB7F389537BCB14
 |   |   |- [+] [ 28]
 |   |   |   |- Guid:97625685428ED89E06818B996F1A508E BaseClass: NativeClass:/Script/Engine.StaticMeshActor Name:StaticMeshActor_53 Label:SM_QuarterCylinder3 SpatiallyLoaded:1 Bounds:IsValid=true, Min=(X=1500.000 Y=2200.000 Z=0.000), Max=(X=1600.000 Y=2300.000 Z=200.000) RuntimeGrid:None EditorOnly:0 RuntimeOnly:0 HLODRelevant:1 FolderPath:Block01 FolderGuid:98087B8444A89373CC4763B3845E270A
 |   |   |- [+] [ 29]
 |   |   |   |- Guid:AA857C9F436500D6ED8E03A5806DCE50 BaseClass: NativeClass:/Script/Engine.StaticMeshActor Name:StaticMeshActor_44 Label:SM_Cube7 SpatiallyLoaded:1 Bounds:IsValid=true, Min=(X=1300.000 Y=2200.000 Z=0.000), Max=(X=1500.000 Y=2300.000 Z=200.000) RuntimeGrid:None EditorOnly:0 RuntimeOnly:0 HLODRelevant:1 FolderPath:Block01 FolderGuid:98087B8444A89373CC4763B3845E270A
 |   |   |- [+] [ 30]
 |   |   |   |- Guid:5AFFDABE4530C864C6D56584EE7F8958 BaseClass: NativeClass:/Script/Engine.StaticMeshActor Name:StaticMeshActor_UAID_2CF05D94950C17AA01_1844726742 Label:SM_QuarterCylinder19 SpatiallyLoaded:1 Bounds:IsValid=true, Min=(X=2200.000 Y=512.061 Z=140.000), Max=(X=2456.342 Y=768.404 Z=165.000) RuntimeGrid:None EditorOnly:0 RuntimeOnly:0 HLODRelevant:1 FolderPath:Cylinder FolderGuid:ECA4956E419DA4E5BAB7F389537BCB14
 |   |   |- [+] [ 31]
 |   |   |   |- Guid:BD430F5245E33ECC56F7628FBABC5D84 BaseClass: NativeClass:/Script/Engine.StaticMeshActor Name:StaticMeshActor_33 Label:SM_Cube SpatiallyLoaded:1 Bounds:IsValid=true, Min=(X=0.000 Y=-970.000 Z=-50.000), Max=(X=3000.000 Y=4380.000 Z=0.000) RuntimeGrid:None EditorOnly:0 RuntimeOnly:0 HLODRelevant:1 FolderPath:Playground FolderGuid:8CD33C9A4E75AD59B95486AC740693D6
 |   |   |- [+] [ 32]
 |   |   |   |- Guid:84A6C2C04177158166E2439E0CBAE730 BaseClass: NativeClass:/Script/Engine.StaticMeshActor Name:StaticMeshActor_35 Label:SM_Ramp SpatiallyLoaded:1 Bounds:IsValid=true, Min=(X=1300.000 Y=600.000 Z=0.000), Max=(X=1700.000 Y=800.000 Z=30.000) RuntimeGrid:None EditorOnly:0 RuntimeOnly:0 HLODRelevant:1
 |   |   |- [+] [ 33]
 |   |   |   |- Guid:F610330448EC9B2F2FEAC48084A25124 BaseClass: NativeClass:/Script/Engine.StaticMeshActor Name:StaticMeshActor_UAID_2CF05D94950C17AA01_1708659731 Label:SM_QuarterCylinder16 SpatiallyLoaded:1 Bounds:IsValid=true, Min=(X=2165.270 Y=468.309 Z=110.000), Max=(X=2396.961 Y=700.000 Z=135.000) RuntimeGrid:None EditorOnly:0 RuntimeOnly:0 HLODRelevant:1 FolderPath:Cylinder FolderGuid:ECA4956E419DA4E5BAB7F389537BCB14
 |   |   |- [+] [ 34]
 |   |   |   |- Guid:174DF71143EA367D14F3838C26CC06DF BaseClass: NativeClass:/Script/Engine.SkyLight Name:SkyLight_0 Label:SkyLight SpatiallyLoaded:0 Bounds:IsValid=true, Min=(X=0.000 Y=0.000 Z=690.000), Max=(X=0.000 Y=0.000 Z=690.000) RuntimeGrid:None EditorOnly:0 RuntimeOnly:0 HLODRelevant:0 FolderPath:Lighting FolderGuid:08A10B054C95868C663DE39EE4343813
 |   |   |- [+] [ 35]
 |   |   |   |- Guid:C752FDB9451B0FA0675D4B9D3E8B12AB BaseClass: NativeClass:/Script/Engine.StaticMeshActor Name:StaticMeshActor_56 Label:SM_Cube13 SpatiallyLoaded:1 Bounds:IsValid=true, Min=(X=300.000 Y=2700.000 Z=0.000), Max=(X=400.000 Y=2800.000 Z=200.000) RuntimeGrid:None EditorOnly:0 RuntimeOnly:0 HLODRelevant:1 FolderPath:Block03 FolderGuid:8CD3949449A9ED1D3F209CA69A64B60F
 |   |   |- [+] [ 36]
 |   |   |   |- Guid:D30D123446EA33621788F6828FB4B2EE BaseClass: NativeClass:/Script/Engine.StaticMeshActor Name:StaticMeshActor_UAID_2CF05D94950C18AA01_1087821935 Label:SM_QuarterCylinder33 SpatiallyLoaded:1 Bounds:IsValid=true, Min=(X=2131.596 Y=700.000 Z=500.000), Max=(X=2387.939 Y=956.342 Z=525.000) RuntimeGrid:None EditorOnly:0 RuntimeOnly:0 HLODRelevant:1 FolderPath:Cylinder FolderGuid:ECA4956E419DA4E5BAB7F389537BCB14
 |   |   |- [+] [ 37]
 |   |   |   |- Guid:A7FB847A4A1DACD12053998C0C82FF9C BaseClass: NativeClass:/Script/Engine.StaticMeshActor Name:StaticMeshActor_55 Label:SM_QuarterCylinder5 SpatiallyLoaded:1 Bounds:IsValid=true, Min=(X=300.000 Y=2800.000 Z=0.000), Max=(X=400.000 Y=2900.000 Z=200.000) RuntimeGrid:None EditorOnly:0 RuntimeOnly:0 HLODRelevant:1 FolderPath:Block03 FolderGuid:8CD3949449A9ED1D3F209CA69A64B60F
 |   |   |- [+] [ 38]
 |   |   |   |- Guid:676B0DCD44DDC06C6B59658C524B4293 BaseClass: NativeClass:/Script/Engine.StaticMeshActor Name:StaticMeshActor_UAID_2CF05D94950C18AA01_1299442939 Label:SM_QuarterCylinder36 SpatiallyLoaded:1 Bounds:IsValid=true, Min=(X=2000.000 Y=50.000 Z=0.000), Max=(X=2200.000 Y=250.000 Z=50.000) RuntimeGrid:None EditorOnly:0 RuntimeOnly:0 HLODRelevant:1 FolderPath:Cylinder FolderGuid:ECA4956E419DA4E5BAB7F389537BCB14
 |   |   |- [+] [ 39]
 |   |   |   |- Guid:E7C88B004DFFF4BE08155AB223A0EF2C BaseClass: NativeClass:/Script/Engine.SkyAtmosphere Name:SkyAtmosphere_1 Label:SkyAtmosphere SpatiallyLoaded:0 Bounds:IsValid=true, Min=(X=0.000 Y=0.000 Z=1020.000), Max=(X=0.000 Y=0.000 Z=1020.000) RuntimeGrid:None EditorOnly:0 RuntimeOnly:0 HLODRelevant:0 FolderPath:Lighting FolderGuid:08A10B054C95868C663DE39EE4343813
 |   |   |- [+] [ 40]
 |   |   |   |- Guid:9A8590F64719696F576D32BEA8B1AF88 BaseClass: NativeClass:/Script/Engine.StaticMeshActor Name:StaticMeshActor_50 Label:SM_QuarterCylinder SpatiallyLoaded:1 Bounds:IsValid=true, Min=(X=2500.000 Y=2800.000 Z=0.000), Max=(X=2600.000 Y=2900.000 Z=200.000) RuntimeGrid:None EditorOnly:0 RuntimeOnly:0 HLODRelevant:1 FolderPath:Block02 FolderGuid:5DDF0B274F9C8B2C5DABA1999B167516
 |   |   |- [+] [ 41]
 |   |   |   |- Guid:BAF7465144B19FE71049AF9CFCFF96E5 BaseClass: NativeClass:/Script/Engine.StaticMeshActor Name:StaticMeshActor_UAID_2CF05D94950C18AA01_1087815927 Label:SM_QuarterCylinder26 SpatiallyLoaded:1 Bounds:IsValid=true, Min=(X=1926.795 Y=526.795 Z=310.000), Max=(X=2200.000 Y=800.000 Z=335.000) RuntimeGrid:None EditorOnly:0 RuntimeOnly:0 HLODRelevant:1 FolderPath:Cylinder FolderGuid:ECA4956E419DA4E5BAB7F389537BCB14
 |   |   |- [+] [ 42]
 |   |   |   |- Guid:723128A2477074C68D9A5EA484DF76A8 BaseClass: NativeClass:/Script/Engine.StaticMeshActor Name:StaticMeshActor_46 Label:SM_Cube9 SpatiallyLoaded:1 Bounds:IsValid=true, Min=(X=1800.000 Y=1500.000 Z=0.000), Max=(X=2000.000 Y=2200.000 Z=100.000) RuntimeGrid:None EditorOnly:0 RuntimeOnly:0 HLODRelevant:1 FolderPath:Block01 FolderGuid:98087B8444A89373CC4763B3845E270A
 |   |   |- [+] [ 43]
 |   |   |   |- Guid:ED634735430DB9B4198DF4A9A188273B BaseClass: NativeClass:/Script/Engine.StaticMeshActor Name:StaticMeshActor_61 Label:SM_QuarterCylinder14 SpatiallyLoaded:1 Bounds:IsValid=true, Min=(X=1926.795 Y=526.795 Z=0.000), Max=(X=2200.000 Y=800.000 Z=50.000) RuntimeGrid:None EditorOnly:0 RuntimeOnly:0 HLODRelevant:1 FolderPath:Cylinder FolderGuid:ECA4956E419DA4E5BAB7F389537BCB14
 |   |   |- [+] [ 44]
 |   |   |   |- Guid:F6974391454BE3281D0A9AAB775EBFF6 BaseClass: NativeClass:/Script/Engine.StaticMeshActor Name:StaticMeshActor_43 Label:SM_Cube6 SpatiallyLoaded:1 Bounds:IsValid=true, Min=(X=2900.000 Y=100.000 Z=0.000), Max=(X=3000.000 Y=3400.000 Z=400.000) RuntimeGrid:None EditorOnly:0 RuntimeOnly:0 HLODRelevant:1 FolderPath:Playground FolderGuid:8CD33C9A4E75AD59B95486AC740693D6
 |   |   |- [+] [ 45]
 |   |   |   |- Guid:DE5C76C44EF62D8A5FE15480CE9DF08D BaseClass: NativeClass:/Script/Engine.StaticMeshActor Name:StaticMeshActor_UAID_2CF05D94950C17AA01_1844728745 Label:SM_QuarterCylinder22 SpatiallyLoaded:1 Bounds:IsValid=true, Min=(X=2131.596 Y=700.000 Z=220.000), Max=(X=2387.939 Y=956.342 Z=245.000) RuntimeGrid:None EditorOnly:0 RuntimeOnly:0 HLODRelevant:1 FolderPath:Cylinder FolderGuid:ECA4956E419DA4E5BAB7F389537BCB14
 |   |   |- [+] [ 46]
 |   |   |   |- Guid:FC2659D1462E0C2787253D85D4D3D619 BaseClass: NativeClass:/Script/Engine.StaticMeshActor Name:StaticMeshActor_37 Label:SM_Cube3 SpatiallyLoaded:1 Bounds:IsValid=true, Min=(X=0.000 Y=4280.000 Z=0.000), Max=(X=3000.000 Y=4380.000 Z=400.000) RuntimeGrid:None EditorOnly:0 RuntimeOnly:0 HLODRelevant:1 FolderPath:Playground FolderGuid:8CD33C9A4E75AD59B95486AC740693D6
 |   |   |- [+] [ 47]
 |   |   |   |- Guid:E67E5B8F4B5BC9B538D21B9832B35997 BaseClass: NativeClass:/Script/Engine.StaticMeshActor Name:StaticMeshActor_UAID_2CF05D94950C18AA01_1360021943 Label:SM_QuarterCylinder40 SpatiallyLoaded:1 Bounds:IsValid=true, Min=(X=1975.000 Y=25.000 Z=0.000), Max=(X=2200.000 Y=250.000 Z=25.000) RuntimeGrid:None EditorOnly:0 RuntimeOnly:0 HLODRelevant:1 FolderPath:Cylinder FolderGuid:ECA4956E419DA4E5BAB7F389537BCB14
 |   |   |- [+] [ 48]
 |   |   |   |- Guid:A4319C9847A2C41337AB07B2D45985C7 BaseClass: NativeClass:/Script/Engine.StaticMeshActor Name:StaticMeshActor_UAID_2CF05D94950C17AA01_1616142730 Label:SM_QuarterCylinder15 SpatiallyLoaded:1 Bounds:IsValid=true, Min=(X=2026.795 Y=426.795 Z=70.000), Max=(X=2300.000 Y=700.000 Z=95.000) RuntimeGrid:None EditorOnly:0 RuntimeOnly:0 HLODRelevant:1 FolderPath:Cylinder FolderGuid:ECA4956E419DA4E5BAB7F389537BCB14
 |   |   |- [+] [ 49]
 |   |   |   |- Guid:2CD3332F456E016C5F3C3F8ED5970E9B BaseClass: NativeClass:/Script/Engine.StaticMeshActor Name:StaticMeshActor_UAID_2CF05D94950C18AA01_1087822937 Label:SM_QuarterCylinder35 SpatiallyLoaded:1 Bounds:IsValid=true, Min=(X=2046.791 Y=700.000 Z=520.000), Max=(X=2328.558 Y=981.766 Z=545.000) RuntimeGrid:None EditorOnly:0 RuntimeOnly:0 HLODRelevant:1 FolderPath:Cylinder FolderGuid:ECA4956E419DA4E5BAB7F389537BCB14
 |   |   |- [+] [ 50]
 |   |   |   |- Guid:017394CF45B3BF2BCF7AB382975F2606 BaseClass: NativeClass:/Script/Engine.StaticMeshActor Name:StaticMeshActor_39 Label:SM_Ramp2 SpatiallyLoaded:1 Bounds:IsValid=true, Min=(X=1400.000 Y=1500.000 Z=0.000), Max=(X=1800.000 Y=1700.000 Z=100.000) RuntimeGrid:None EditorOnly:0 RuntimeOnly:0 HLODRelevant:1 FolderPath:Block01 FolderGuid:98087B8444A89373CC4763B3845E270A
 |   |   |- [+] [ 51]
 |   |   |   |- Guid:55BB2E2F4AFA453E1F1285A3ADC7186D BaseClass: NativeClass:/Script/Engine.StaticMeshActor Name:StaticMeshActor_58 Label:SM_QuarterCylinder11 SpatiallyLoaded:1 Bounds:IsValid=true, Min=(X=2000.000 Y=500.000 Z=0.000), Max=(X=2200.000 Y=700.000 Z=75.000) RuntimeGrid:None EditorOnly:0 RuntimeOnly:0 HLODRelevant:1 FolderPath:Cylinder FolderGuid:ECA4956E419DA4E5BAB7F389537BCB14
 |   |   |- [+] [ 52]
 |   |   |   |- Guid:17C6E43545637C3DF9C596869FEAE505 BaseClass: NativeClass:/Script/Engine.StaticMeshActor Name:StaticMeshActor_UAID_2CF05D94950C18AA01_1087817929 Label:SM_QuarterCylinder27 SpatiallyLoaded:1 Bounds:IsValid=true, Min=(X=2026.795 Y=426.795 Z=350.000), Max=(X=2300.000 Y=700.000 Z=375.000) RuntimeGrid:None EditorOnly:0 RuntimeOnly:0 HLODRelevant:1 FolderPath:Cylinder FolderGuid:ECA4956E419DA4E5BAB7F389537BCB14
 |   |   |- [+] [ 53]
 |   |   |   |- Guid:31FF282A4C722AABE5CA1FA10E2EB1A6 BaseClass: NativeClass:/Script/Engine.StaticMeshActor Name:StaticMeshActor_UAID_2CF05D94950C18AA01_1360023945 Label:SM_QuarterCylinder42 SpatiallyLoaded:1 Bounds:IsValid=true, Min=(X=2200.000 Y=250.000 Z=0.000), Max=(X=2425.000 Y=475.000 Z=25.000) RuntimeGrid:None EditorOnly:0 RuntimeOnly:0 HLODRelevant:1 FolderPath:Cylinder FolderGuid:ECA4956E419DA4E5BAB7F389537BCB14
 |   |   |- [+] [ 54]
 |   |   |   |- Guid:0870CC704F80A8D5DF802EAC5E048723 BaseClass: NativeClass:/Script/Engine.StaticMeshActor Name:StaticMeshActor_45 Label:SM_Cube8 SpatiallyLoaded:1 Bounds:IsValid=true, Min=(X=1300.000 Y=2600.000 Z=0.000), Max=(X=2500.000 Y=2900.000 Z=200.000) RuntimeGrid:None EditorOnly:0 RuntimeOnly:0 HLODRelevant:1 FolderPath:Block02 FolderGuid:5DDF0B274F9C8B2C5DABA1999B167516
 |   |   |- [+] [ 55]
 |   |   |   |- Guid:B23C247D4E34A96052E563A19E79FA75 BaseClass: NativeClass:/Script/Engine.ExponentialHeightFog Name:ExponentialHeightFog_1 Label:ExponentialHeightFog SpatiallyLoaded:0 Bounds:IsValid=true, Min=(X=-5600.000 Y=-50.000 Z=-6850.000), Max=(X=-5600.000 Y=-50.000 Z=-6850.000) RuntimeGrid:None EditorOnly:0 RuntimeOnly:0 HLODRelevant:0 FolderPath:Lighting FolderGuid:08A10B054C95868C663DE39EE4343813
 |   |   |- [+] [ 56]
 |   |   |   |- Guid:ECF7DFF54DE28214A01D249B1B1CA773 BaseClass: NativeClass:/Script/Engine.StaticMeshActor Name:StaticMeshActor_42 Label:SM_Cube5 SpatiallyLoaded:1 Bounds:IsValid=true, Min=(X=-0.000 Y=100.000 Z=0.000), Max=(X=100.000 Y=3400.000 Z=400.000) RuntimeGrid:None EditorOnly:0 RuntimeOnly:0 HLODRelevant:1 FolderPath:Playground FolderGuid:8CD33C9A4E75AD59B95486AC740693D6
 |   |   |- [+] [ 57]
 |   |   |   |- Guid:4485733745AA5E6D7E6DD988C528F699 BaseClass: NativeClass:/Script/Engine.StaticMeshActor Name:StaticMeshActor_UAID_2CF05D94950C18AA01_1087821936 Label:SM_QuarterCylinder34 SpatiallyLoaded:1 Bounds:IsValid=true, Min=(X=2003.039 Y=700.000 Z=540.000), Max=(X=2234.730 Y=931.691 Z=565.000) RuntimeGrid:None EditorOnly:0 RuntimeOnly:0 HLODRelevant:1 FolderPath:Cylinder FolderGuid:ECA4956E419DA4E5BAB7F389537BCB14
 |   |   |- [+] [ 58]
 |   |   |   |- Guid:078917BC4FC0AC43E5541D8607C2896F BaseClass: NativeClass:/Script/Engine.StaticMeshActor Name:StaticMeshActor_UAID_2CF05D94950C18AA01_1360023944 Label:SM_QuarterCylinder41 SpatiallyLoaded:1 Bounds:IsValid=true, Min=(X=1975.000 Y=250.000 Z=0.000), Max=(X=2200.000 Y=475.000 Z=25.000) RuntimeGrid:None EditorOnly:0 RuntimeOnly:0 HLODRelevant:1 FolderPath:Cylinder FolderGuid:ECA4956E419DA4E5BAB7F389537BCB14
 |   |   |- [+] [ 59]
 |   |   |   |- Guid:CB805C454E959ABB3330FBB9D589E19A BaseClass: NativeClass:/Script/Engine.StaticMeshActor Name:StaticMeshActor_UAID_2CF05D94950C17AA01_1844727743 Label:SM_QuarterCylinder20 SpatiallyLoaded:1 Bounds:IsValid=true, Min=(X=2200.000 Y=665.270 Z=200.000), Max=(X=2431.691 Y=896.961 Z=225.000) RuntimeGrid:None EditorOnly:0 RuntimeOnly:0 HLODRelevant:1 FolderPath:Cylinder FolderGuid:ECA4956E419DA4E5BAB7F389537BCB14
 |   |   |- [+] [ 60]
 |   |   |   |- Guid:A3E6E9344123B82602012AAE64BE5EC0 BaseClass:/Game/BardBot/playerModel.playerModel_C NativeClass:/Script/Engine.Character Name:playerModel_C_UAID_88D7F6DF8CBA3AAA01_1734526887 Label:playerModel SpatiallyLoaded:1 Bounds:IsValid=true, Min=(X=808.586 Y=1053.780 Z=2.105), Max=(X=867.470 Y=1149.020 Z=207.074) RuntimeGrid:None EditorOnly:0 RuntimeOnly:0 HLODRelevant:0
 |   |   |- [+] [ 61]
 |   |   |   |- Guid:E066241B439240618A51D3901B563E5A BaseClass: NativeClass:/Script/Engine.StaticMeshActor Name:StaticMeshActor_UAID_2CF05D94950C18AA01_1330266942 Label:SM_QuarterCylinder39 SpatiallyLoaded:1 Bounds:IsValid=true, Min=(X=2200.000 Y=50.000 Z=0.000), Max=(X=2400.000 Y=250.000 Z=50.000) RuntimeGrid:None EditorOnly:0 RuntimeOnly:0 HLODRelevant:1 FolderPath:Cylinder FolderGuid:ECA4956E419DA4E5BAB7F389537BCB14
 |   |   |- [+] [ 62]
 |   |   |   |- Guid:8BAC7AA4478B3B1167475C88079B93BF BaseClass: NativeClass:/Script/Engine.StaticMeshActor Name:StaticMeshActor_UAID_2CF05D94950C18AA01_1087816928 Label:SM_QuarterCylinder12 SpatiallyLoaded:1 Bounds:IsValid=true, Min=(X=2000.000 Y=500.000 Z=330.000), Max=(X=2200.000 Y=700.000 Z=355.000) RuntimeGrid:None EditorOnly:0 RuntimeOnly:0 HLODRelevant:1 FolderPath:Cylinder FolderGuid:ECA4956E419DA4E5BAB7F389537BCB14
 |   |   |- [+] [ 63]
 |   |   |   |- Guid:C726A3284B806D4C379405885740B688 BaseClass: NativeClass:/Script/Engine.PlayerStart Name:PlayerStart_0 Label:PlayerStart SpatiallyLoaded:0 Bounds:IsValid=true, Min=(X=860.000 Y=1070.000 Z=0.013), Max=(X=940.000 Y=1150.000 Z=184.013) RuntimeGrid:None EditorOnly:0 RuntimeOnly:0 HLODRelevant:0
 |   |   |- [+] [ 64]
 |   |   |   |- Guid:D6CAE45C4E23DD1723795E8792894597 BaseClass: NativeClass:/Script/Engine.StaticMeshActor Name:StaticMeshActor_54 Label:SM_QuarterCylinder4 SpatiallyLoaded:1 Bounds:IsValid=true, Min=(X=300.000 Y=2600.000 Z=0.000), Max=(X=400.000 Y=2700.000 Z=200.000) RuntimeGrid:None EditorOnly:0 RuntimeOnly:0 HLODRelevant:1 FolderPath:Block03 FolderGuid:8CD3949449A9ED1D3F209CA69A64B60F
 |   |   |- [+] [ 65]
 |   |   |   |- Guid:BFB671284CA12B07A4565ABBE4C17B4C BaseClass: NativeClass:/Script/Engine.StaticMeshActor Name:StaticMeshActor_51 Label:SM_QuarterCylinder2 SpatiallyLoaded:1 Bounds:IsValid=true, Min=(X=2500.000 Y=2600.000 Z=0.000), Max=(X=2600.000 Y=2700.000 Z=200.000) RuntimeGrid:None EditorOnly:0 RuntimeOnly:0 HLODRelevant:1 FolderPath:Block02 FolderGuid:5DDF0B274F9C8B2C5DABA1999B167516
 |   |   |- [+] [ 66]
 |   |   |   |- Guid:96C16AF946CFF8929C47A09CAE7CD832 BaseClass: NativeClass:/Script/Engine.StaticMeshActor Name:StaticMeshActor_48 Label:SM_Cube10 SpatiallyLoaded:1 Bounds:IsValid=true, Min=(X=1800.000 Y=2100.000 Z=100.000), Max=(X=2000.000 Y=2200.000 Z=200.000) RuntimeGrid:None EditorOnly:0 RuntimeOnly:0 HLODRelevant:1 FolderPath:Block01 FolderGuid:98087B8444A89373CC4763B3845E270A
 |   |   |- [+] [ 67]
 |   |   |   |- Guid:CDFEF8B34DDB5077C1C87EB4A4D110C4 BaseClass: NativeClass:/Script/Engine.StaticMeshActor Name:StaticMeshActor_UAID_2CF05D94950C18AA01_1311525940 Label:SM_QuarterCylinder37 SpatiallyLoaded:1 Bounds:IsValid=true, Min=(X=2000.000 Y=250.000 Z=0.000), Max=(X=2200.000 Y=450.000 Z=50.000) RuntimeGrid:None EditorOnly:0 RuntimeOnly:0 HLODRelevant:1 FolderPath:Cylinder FolderGuid:ECA4956E419DA4E5BAB7F389537BCB14
 |   |   |- [+] [ 68]
 |   |   |   |- Guid:F273828D468DD479CDB07EBF9F6EBA68 BaseClass: NativeClass:/Script/Engine.StaticMeshActor Name:StaticMeshActor_47 Label:SM_Ramp3 SpatiallyLoaded:1 Bounds:IsValid=true, Min=(X=1800.000 Y=1700.000 Z=100.000), Max=(X=2000.000 Y=2100.000 Z=200.000) RuntimeGrid:None EditorOnly:0 RuntimeOnly:0 HLODRelevant:1 FolderPath:Block01 FolderGuid:98087B8444A89373CC4763B3845E270A
 |- ContainerInstances:
 |- [+] MainContainer:
 |   |-        ID: 0x0000000000000000
 |   |-    Bounds: IsValid=false, Min=(X=0.000 Y=0.000 Z=0.000), Max=(X=0.000 Y=0.000 Z=0.000)
 |   |- Transform: 0.000000,0.000000,0.000000|0.000000,0.000000,-0.000000|1.000000,1.000000,1.000000
 |   |- Container: /Game/ThirdPerson/Maps/ThirdPersonMap
----------------------------------------------------------------------------------------------------------------
ThirdPersonMap - Persistent Level
----------------------------------------------------------------------------------------------------------------
Always loaded Actor Count: 76 

----------------------------------------------------------------------------------------------------------------
ThirdPersonMap - Runtime Spatial Hash - Streaming Grid - MainGrid
----------------------------------------------------------------------------------------------------------------
            Origin: X=0.000 Y=0.000 Z=0.000
         Cell Size: 12800
      World Bounds: IsValid=false, Min=(X=0.000 Y=0.000 Z=0.000), Max=(X=0.000 Y=0.000 Z=0.000)
     Loading Range: 25600.00
Block Slow Loading: No
 ClientOnlyVisible: No

[+] Grid Levels: 1
 |- Level  0: Cell Count    0 | Cell Size   12800 | Actor Count    0 (0.0%)

[+] Content of Grid Level 0

